Determining if the include file sys/ndir.h exists failed with the following output:
Change Dir: /run/media/raboten/c03df044-bb85-4f9c-a53f-e537b8a024a0/raceintospace-raceintospace-d9cd1cd2/src/CMakeFiles/CMakeTmp

Run Build Command(s):/usr/bin/make cmTC_86a82/fast && /usr/bin/make  -f CMakeFiles/cmTC_86a82.dir/build.make CMakeFiles/cmTC_86a82.dir/build
make[1]: Entering directory '/run/media/raboten/c03df044-bb85-4f9c-a53f-e537b8a024a0/raceintospace-raceintospace-d9cd1cd2/src/CMakeFiles/CMakeTmp'
Building C object CMakeFiles/cmTC_86a82.dir/CheckIncludeFile.c.o
/run/media/raboten/c03df044-bb85-4f9c-a53f-e537b8a024a0/buildroot/output/host/usr/bin/mipsel-RetroFW-linux-uclibc-gcc --sysroot=/run/media/raboten/c03df044-bb85-4f9c-a53f-e537b8a024a0/buildroot/output/host/usr/mipsel-RetroFW-linux-uclibc/sysroot   -D_LARGEFILE_SOURCE -D_LARGEFILE64_SOURCE -D_FILE_OFFSET_BITS=64 -O2   -DNDEBUG -o CMakeFiles/cmTC_86a82.dir/CheckIncludeFile.c.o -c /run/media/raboten/c03df044-bb85-4f9c-a53f-e537b8a024a0/raceintospace-raceintospace-d9cd1cd2/src/CMakeFiles/CMakeTmp/CheckIncludeFile.c
/run/media/raboten/c03df044-bb85-4f9c-a53f-e537b8a024a0/raceintospace-raceintospace-d9cd1cd2/src/CMakeFiles/CMakeTmp/CheckIncludeFile.c:1:10: fatal error: sys/ndir.h: No such file or directory
 #include <sys/ndir.h>
          ^~~~~~~~~~~~
compilation terminated.
make[1]: *** [CMakeFiles/cmTC_86a82.dir/build.make:85: CMakeFiles/cmTC_86a82.dir/CheckIncludeFile.c.o] Error 1
make[1]: Leaving directory '/run/media/raboten/c03df044-bb85-4f9c-a53f-e537b8a024a0/raceintospace-raceintospace-d9cd1cd2/src/CMakeFiles/CMakeTmp'
make: *** [Makefile:140: cmTC_86a82/fast] Error 2



Determining if the include file ndir.h exists failed with the following output:
Change Dir: /run/media/raboten/c03df044-bb85-4f9c-a53f-e537b8a024a0/raceintospace-raceintospace-d9cd1cd2/src/CMakeFiles/CMakeTmp

Run Build Command(s):/usr/bin/make cmTC_3d224/fast && /usr/bin/make  -f CMakeFiles/cmTC_3d224.dir/build.make CMakeFiles/cmTC_3d224.dir/build
make[1]: Entering directory '/run/media/raboten/c03df044-bb85-4f9c-a53f-e537b8a024a0/raceintospace-raceintospace-d9cd1cd2/src/CMakeFiles/CMakeTmp'
Building C object CMakeFiles/cmTC_3d224.dir/CheckIncludeFile.c.o
/run/media/raboten/c03df044-bb85-4f9c-a53f-e537b8a024a0/buildroot/output/host/usr/bin/mipsel-RetroFW-linux-uclibc-gcc --sysroot=/run/media/raboten/c03df044-bb85-4f9c-a53f-e537b8a024a0/buildroot/output/host/usr/mipsel-RetroFW-linux-uclibc/sysroot   -D_LARGEFILE_SOURCE -D_LARGEFILE64_SOURCE -D_FILE_OFFSET_BITS=64 -O2   -DNDEBUG -o CMakeFiles/cmTC_3d224.dir/CheckIncludeFile.c.o -c /run/media/raboten/c03df044-bb85-4f9c-a53f-e537b8a024a0/raceintospace-raceintospace-d9cd1cd2/src/CMakeFiles/CMakeTmp/CheckIncludeFile.c
/run/media/raboten/c03df044-bb85-4f9c-a53f-e537b8a024a0/raceintospace-raceintospace-d9cd1cd2/src/CMakeFiles/CMakeTmp/CheckIncludeFile.c:1:10: fatal error: ndir.h: No such file or directory
 #include <ndir.h>
          ^~~~~~~~
compilation terminated.
make[1]: *** [CMakeFiles/cmTC_3d224.dir/build.make:85: CMakeFiles/cmTC_3d224.dir/CheckIncludeFile.c.o] Error 1
make[1]: Leaving directory '/run/media/raboten/c03df044-bb85-4f9c-a53f-e537b8a024a0/raceintospace-raceintospace-d9cd1cd2/src/CMakeFiles/CMakeTmp'
make: *** [Makefile:140: cmTC_3d224/fast] Error 2



Determining if the include file int_types.h exists failed with the following output:
Change Dir: /run/media/raboten/c03df044-bb85-4f9c-a53f-e537b8a024a0/raceintospace-raceintospace-d9cd1cd2/src/CMakeFiles/CMakeTmp

Run Build Command(s):/usr/bin/make cmTC_736ae/fast && /usr/bin/make  -f CMakeFiles/cmTC_736ae.dir/build.make CMakeFiles/cmTC_736ae.dir/build
make[1]: Entering directory '/run/media/raboten/c03df044-bb85-4f9c-a53f-e537b8a024a0/raceintospace-raceintospace-d9cd1cd2/src/CMakeFiles/CMakeTmp'
Building C object CMakeFiles/cmTC_736ae.dir/CheckIncludeFile.c.o
/run/media/raboten/c03df044-bb85-4f9c-a53f-e537b8a024a0/buildroot/output/host/usr/bin/mipsel-RetroFW-linux-uclibc-gcc --sysroot=/run/media/raboten/c03df044-bb85-4f9c-a53f-e537b8a024a0/buildroot/output/host/usr/mipsel-RetroFW-linux-uclibc/sysroot   -D_LARGEFILE_SOURCE -D_LARGEFILE64_SOURCE -D_FILE_OFFSET_BITS=64 -O2   -DNDEBUG -o CMakeFiles/cmTC_736ae.dir/CheckIncludeFile.c.o -c /run/media/raboten/c03df044-bb85-4f9c-a53f-e537b8a024a0/raceintospace-raceintospace-d9cd1cd2/src/CMakeFiles/CMakeTmp/CheckIncludeFile.c
/run/media/raboten/c03df044-bb85-4f9c-a53f-e537b8a024a0/raceintospace-raceintospace-d9cd1cd2/src/CMakeFiles/CMakeTmp/CheckIncludeFile.c:1:10: fatal error: int_types.h: No such file or directory
 #include <int_types.h>
          ^~~~~~~~~~~~~
compilation terminated.
make[1]: *** [CMakeFiles/cmTC_736ae.dir/build.make:85: CMakeFiles/cmTC_736ae.dir/CheckIncludeFile.c.o] Error 1
make[1]: Leaving directory '/run/media/raboten/c03df044-bb85-4f9c-a53f-e537b8a024a0/raceintospace-raceintospace-d9cd1cd2/src/CMakeFiles/CMakeTmp'
make: *** [Makefile:140: cmTC_736ae/fast] Error 2



